# JRE version: OpenJDK Runtime Environment Temurin-17.0.13+11 (17.0.13+11) (build 17.0.13+11)
# Java VM: OpenJDK 64-Bit Server VM Temurin-17.0.13+11 (17.0.13+11, mixed mode, tiered, compressed oops, compressed class ptrs, parallel gc, windows-amd64)
GC Precious Log:
 CPUs: 4 total, 4 available
 Memory: 8094M
 Large Page Support: Disabled
 NUMA Support: Disabled
 Compressed Oops: Enabled (32-bit)
 Alignments: Space 512K, Generation 512K, Heap 2M
 Heap Min Capacity: 100M
 Heap Initial Capacity: 100M
 Heap Max Capacity: 1G
 Pre-touch: Disabled
 Parallel Workers: 4
Heap:
 PSYoungGen      total 20992K, used 20976K [0x00000000eab00000, 0x00000000ed480000, 0x0000000100000000)
  eden space 16384K, 100% used [0x00000000eab00000,0x00000000ebb00000,0x00000000ebb00000)
  from space 4608K, 99% used [0x00000000ec500000,0x00000000ec97c078,0x00000000ec980000)
  to   space 10240K, 0% used [0x00000000ebb00000,0x00000000ebb00000,0x00000000ec500000)
 ParOldGen       total 68608K, used 32099K [0x00000000c0000000, 0x00000000c4300000, 0x00000000eab00000)
  object space 68608K, 46% used [0x00000000c0000000,0x00000000c1f58fa8,0x00000000c4300000)
 Metaspace       used 58295K, committed 59456K, reserved 1114112K
  class space    used 6464K, committed 6976K, reserved 1048576K
GC Heap History (20 events):
Event: 20.584 GC heap before
{Heap before GC invocations=15 (full 2):
 PSYoungGen      total 23040K, used 22912K [0x00000000eab00000, 0x00000000ec600000, 0x0000000100000000)
  eden space 22016K, 100% used [0x00000000eab00000,0x00000000ec080000,0x00000000ec080000)
  from space 1024K, 87% used [0x00000000ec500000,0x00000000ec5e03b8,0x00000000ec600000)
  to   space 1536K, 0% used [0x00000000ec300000,0x00000000ec300000,0x00000000ec480000)
 ParOldGen       total 68608K, used 15723K [0x00000000c0000000, 0x00000000c4300000, 0x00000000eab00000)
  object space 68608K, 22% used [0x00000000c0000000,0x00000000c0f5aea0,0x00000000c4300000)
 Metaspace       used 40926K, committed 41856K, reserved 1114112K
  class space    used 4196K, committed 4608K, reserved 1048576K
}
Event: 20.591 GC heap after
{Heap after GC invocations=15 (full 2):
 PSYoungGen      total 23552K, used 849K [0x00000000eab00000, 0x00000000ec580000, 0x0000000100000000)
  eden space 22016K, 0% used [0x00000000eab00000,0x00000000eab00000,0x00000000ec080000)
  from space 1536K, 55% used [0x00000000ec300000,0x00000000ec3d44d0,0x00000000ec480000)
  to   space 1024K, 0% used [0x00000000ec480000,0x00000000ec480000,0x00000000ec580000)
 ParOldGen       total 68608K, used 16491K [0x00000000c0000000, 0x00000000c4300000, 0x00000000eab00000)
  object space 68608K, 24% used [0x00000000c0000000,0x00000000c101afa8,0x00000000c4300000)
 Metaspace       used 40926K, committed 41856K, reserved 1114112K
  class space    used 4196K, committed 4608K, reserved 1048576K
}
Event: 21.209 GC heap before
{Heap before GC invocations=16 (full 2):
 PSYoungGen      total 23552K, used 22821K [0x00000000eab00000, 0x00000000ec580000, 0x0000000100000000)
  eden space 22016K, 99% used [0x00000000eab00000,0x00000000ec075138,0x00000000ec080000)
  from space 1536K, 55% used [0x00000000ec300000,0x00000000ec3d44d0,0x00000000ec480000)
  to   space 1024K, 0% used [0x00000000ec480000,0x00000000ec480000,0x00000000ec580000)
 ParOldGen       total 68608K, used 16491K [0x00000000c0000000, 0x00000000c4300000, 0x00000000eab00000)
  object space 68608K, 24% used [0x00000000c0000000,0x00000000c101afa8,0x00000000c4300000)
 Metaspace       used 43730K, committed 44800K, reserved 1114112K
  class space    used 4508K, committed 4992K, reserved 1048576K
}
Event: 21.213 GC heap after
{Heap after GC invocations=16 (full 2):
 PSYoungGen      total 23040K, used 1003K [0x00000000eab00000, 0x00000000ec580000, 0x0000000100000000)
  eden space 22016K, 0% used [0x00000000eab00000,0x00000000eab00000,0x00000000ec080000)
  from space 1024K, 97% used [0x00000000ec480000,0x00000000ec57ad50,0x00000000ec580000)
  to   space 2560K, 0% used [0x00000000ec080000,0x00000000ec080000,0x00000000ec300000)
 ParOldGen       total 68608K, used 17575K [0x00000000c0000000, 0x00000000c4300000, 0x00000000eab00000)
  object space 68608K, 25% used [0x00000000c0000000,0x00000000c1129d50,0x00000000c4300000)
 Metaspace       used 43730K, committed 44800K, reserved 1114112K
  class space    used 4508K, committed 4992K, reserved 1048576K
}
Event: 21.626 GC heap before
{Heap before GC invocations=17 (full 2):
 PSYoungGen      total 23040K, used 23019K [0x00000000eab00000, 0x00000000ec580000, 0x0000000100000000)
  eden space 22016K, 100% used [0x00000000eab00000,0x00000000ec080000,0x00000000ec080000)
  from space 1024K, 97% used [0x00000000ec480000,0x00000000ec57ad50,0x00000000ec580000)
  to   space 2560K, 0% used [0x00000000ec080000,0x00000000ec080000,0x00000000ec300000)
 ParOldGen       total 68608K, used 17600K [0x00000000c0000000, 0x00000000c4300000, 0x00000000eab00000)
  object space 68608K, 25% used [0x00000000c0000000,0x00000000c11303b8,0x00000000c4300000)
 Metaspace       used 45988K, committed 47040K, reserved 1114112K
  class space    used 4840K, committed 5312K, reserved 1048576K
}
Event: 21.630 GC heap after
{Heap after GC invocations=17 (full 2):
 PSYoungGen      total 24576K, used 1252K [0x00000000eab00000, 0x00000000ec500000, 0x0000000100000000)
  eden space 22016K, 0% used [0x00000000eab00000,0x00000000eab00000,0x00000000ec080000)
  from space 2560K, 48% used [0x00000000ec080000,0x00000000ec1b9000,0x00000000ec300000)
  to   space 2048K, 0% used [0x00000000ec300000,0x00000000ec300000,0x00000000ec500000)
 ParOldGen       total 68608K, used 18442K [0x00000000c0000000, 0x00000000c4300000, 0x00000000eab00000)
  object space 68608K, 26% used [0x00000000c0000000,0x00000000c1202af8,0x00000000c4300000)
 Metaspace       used 45988K, committed 47040K, reserved 1114112K
  class space    used 4840K, committed 5312K, reserved 1048576K
}
Event: 22.069 GC heap before
{Heap before GC invocations=18 (full 2):
 PSYoungGen      total 24576K, used 23268K [0x00000000eab00000, 0x00000000ec500000, 0x0000000100000000)
  eden space 22016K, 100% used [0x00000000eab00000,0x00000000ec080000,0x00000000ec080000)
  from space 2560K, 48% used [0x00000000ec080000,0x00000000ec1b9000,0x00000000ec300000)
  to   space 2048K, 0% used [0x00000000ec300000,0x00000000ec300000,0x00000000ec500000)
 ParOldGen       total 68608K, used 18442K [0x00000000c0000000, 0x00000000c4300000, 0x00000000eab00000)
  object space 68608K, 26% used [0x00000000c0000000,0x00000000c1202af8,0x00000000c4300000)
 Metaspace       used 47799K, committed 48832K, reserved 1114112K
  class space    used 5050K, committed 5504K, reserved 1048576K
}
Event: 22.075 GC heap after
{Heap after GC invocations=18 (full 2):
 PSYoungGen      total 23552K, used 1204K [0x00000000eab00000, 0x00000000ec480000, 0x0000000100000000)
  eden space 22016K, 0% used [0x00000000eab00000,0x00000000eab00000,0x00000000ec080000)
  from space 1536K, 78% used [0x00000000ec300000,0x00000000ec42d040,0x00000000ec480000)
  to   space 1536K, 0% used [0x00000000ec180000,0x00000000ec180000,0x00000000ec300000)
 ParOldGen       total 68608K, used 19579K [0x00000000c0000000, 0x00000000c4300000, 0x00000000eab00000)
  object space 68608K, 28% used [0x00000000c0000000,0x00000000c131ec08,0x00000000c4300000)
 Metaspace       used 47799K, committed 48832K, reserved 1114112K
  class space    used 5050K, committed 5504K, reserved 1048576K
}
Event: 22.782 GC heap before
{Heap before GC invocations=19 (full 2):
 PSYoungGen      total 23552K, used 23220K [0x00000000eab00000, 0x00000000ec480000, 0x0000000100000000)
  eden space 22016K, 100% used [0x00000000eab00000,0x00000000ec080000,0x00000000ec080000)
  from space 1536K, 78% used [0x00000000ec300000,0x00000000ec42d040,0x00000000ec480000)
  to   space 1536K, 0% used [0x00000000ec180000,0x00000000ec180000,0x00000000ec300000)
 ParOldGen       total 68608K, used 19579K [0x00000000c0000000, 0x00000000c4300000, 0x00000000eab00000)
  object space 68608K, 28% used [0x00000000c0000000,0x00000000c131ec08,0x00000000c4300000)
 Metaspace       used 49424K, committed 50432K, reserved 1114112K
  class space    used 5231K, committed 5696K, reserved 1048576K
}
Event: 22.789 GC heap after
{Heap after GC invocations=19 (full 2):
 PSYoungGen      total 23552K, used 1504K [0x00000000eab00000, 0x00000000ec880000, 0x0000000100000000)
  eden space 22016K, 0% used [0x00000000eab00000,0x00000000eab00000,0x00000000ec080000)
  from space 1536K, 97% used [0x00000000ec180000,0x00000000ec2f81d0,0x00000000ec300000)
  to   space 4096K, 0% used [0x00000000ec480000,0x00000000ec480000,0x00000000ec880000)
 ParOldGen       total 68608K, used 21590K [0x00000000c0000000, 0x00000000c4300000, 0x00000000eab00000)
  object space 68608K, 31% used [0x00000000c0000000,0x00000000c1515958,0x00000000c4300000)
 Metaspace       used 49424K, committed 50432K, reserved 1114112K
  class space    used 5231K, committed 5696K, reserved 1048576K
}
Event: 23.459 GC heap before
{Heap before GC invocations=20 (full 2):
 PSYoungGen      total 23552K, used 23520K [0x00000000eab00000, 0x00000000ec880000, 0x0000000100000000)
  eden space 22016K, 100% used [0x00000000eab00000,0x00000000ec080000,0x00000000ec080000)
  from space 1536K, 97% used [0x00000000ec180000,0x00000000ec2f81d0,0x00000000ec300000)
  to   space 4096K, 0% used [0x00000000ec480000,0x00000000ec480000,0x00000000ec880000)
 ParOldGen       total 68608K, used 21590K [0x00000000c0000000, 0x00000000c4300000, 0x00000000eab00000)
  object space 68608K, 31% used [0x00000000c0000000,0x00000000c1515958,0x00000000c4300000)
 Metaspace       used 51173K, committed 52352K, reserved 1114112K
  class space    used 5463K, committed 6016K, reserved 1048576K
}
Event: 23.469 GC heap after
{Heap after GC invocations=20 (full 2):
 PSYoungGen      total 24064K, used 1896K [0x00000000eab00000, 0x00000000ec680000, 0x0000000100000000)
  eden space 22016K, 0% used [0x00000000eab00000,0x00000000eab00000,0x00000000ec080000)
  from space 2048K, 92% used [0x00000000ec480000,0x00000000ec65a1b8,0x00000000ec680000)
  to   space 2560K, 0% used [0x00000000ec180000,0x00000000ec180000,0x00000000ec400000)
 ParOldGen       total 68608K, used 23035K [0x00000000c0000000, 0x00000000c4300000, 0x00000000eab00000)
  object space 68608K, 33% used [0x00000000c0000000,0x00000000c167ef00,0x00000000c4300000)
 Metaspace       used 51173K, committed 52352K, reserved 1114112K
  class space    used 5463K, committed 6016K, reserved 1048576K
}
Event: 24.263 GC heap before
{Heap before GC invocations=21 (full 2):
 PSYoungGen      total 24064K, used 23912K [0x00000000eab00000, 0x00000000ec680000, 0x0000000100000000)
  eden space 22016K, 100% used [0x00000000eab00000,0x00000000ec080000,0x00000000ec080000)
  from space 2048K, 92% used [0x00000000ec480000,0x00000000ec65a1b8,0x00000000ec680000)
  to   space 2560K, 0% used [0x00000000ec180000,0x00000000ec180000,0x00000000ec400000)
 ParOldGen       total 68608K, used 23035K [0x00000000c0000000, 0x00000000c4300000, 0x00000000eab00000)
  object space 68608K, 33% used [0x00000000c0000000,0x00000000c167ef00,0x00000000c4300000)
 Metaspace       used 53095K, committed 54208K, reserved 1114112K
  class space    used 5672K, committed 6208K, reserved 1048576K
}
Event: 24.276 GC heap after
{Heap after GC invocations=21 (full 2):
 PSYoungGen      total 23552K, used 1440K [0x00000000eab00000, 0x00000000ec500000, 0x0000000100000000)
  eden space 22016K, 0% used [0x00000000eab00000,0x00000000eab00000,0x00000000ec080000)
  from space 1536K, 93% used [0x00000000ec180000,0x00000000ec2e8000,0x00000000ec300000)
  to   space 2048K, 0% used [0x00000000ec300000,0x00000000ec300000,0x00000000ec500000)
 ParOldGen       total 68608K, used 24816K [0x00000000c0000000, 0x00000000c4300000, 0x00000000eab00000)
  object space 68608K, 36% used [0x00000000c0000000,0x00000000c183c2d8,0x00000000c4300000)
 Metaspace       used 53095K, committed 54208K, reserved 1114112K
  class space    used 5672K, committed 6208K, reserved 1048576K
}
Event: 25.095 GC heap before
{Heap before GC invocations=22 (full 2):
 PSYoungGen      total 23552K, used 23456K [0x00000000eab00000, 0x00000000ec500000, 0x0000000100000000)
  eden space 22016K, 100% used [0x00000000eab00000,0x00000000ec080000,0x00000000ec080000)
  from space 1536K, 93% used [0x00000000ec180000,0x00000000ec2e8000,0x00000000ec300000)
  to   space 2048K, 0% used [0x00000000ec300000,0x00000000ec300000,0x00000000ec500000)
 ParOldGen       total 68608K, used 24816K [0x00000000c0000000, 0x00000000c4300000, 0x00000000eab00000)
  object space 68608K, 36% used [0x00000000c0000000,0x00000000c183c2d8,0x00000000c4300000)
 Metaspace       used 53922K, committed 55040K, reserved 1114112K
  class space    used 5772K, committed 6272K, reserved 1048576K
}
Event: 25.102 GC heap after
{Heap after GC invocations=22 (full 2):
 PSYoungGen      total 24064K, used 1613K [0x00000000eab00000, 0x00000000ec500000, 0x0000000100000000)
  eden space 22016K, 0% used [0x00000000eab00000,0x00000000eab00000,0x00000000ec080000)
  from space 2048K, 78% used [0x00000000ec300000,0x00000000ec493510,0x00000000ec500000)
  to   space 2048K, 0% used [0x00000000ec100000,0x00000000ec100000,0x00000000ec300000)
 ParOldGen       total 68608K, used 26087K [0x00000000c0000000, 0x00000000c4300000, 0x00000000eab00000)
  object space 68608K, 38% used [0x00000000c0000000,0x00000000c1979e58,0x00000000c4300000)
 Metaspace       used 53922K, committed 55040K, reserved 1114112K
  class space    used 5772K, committed 6272K, reserved 1048576K
}
Event: 26.271 GC heap before
{Heap before GC invocations=23 (full 2):
 PSYoungGen      total 24064K, used 23629K [0x00000000eab00000, 0x00000000ec500000, 0x0000000100000000)
  eden space 22016K, 100% used [0x00000000eab00000,0x00000000ec080000,0x00000000ec080000)
  from space 2048K, 78% used [0x00000000ec300000,0x00000000ec493510,0x00000000ec500000)
  to   space 2048K, 0% used [0x00000000ec100000,0x00000000ec100000,0x00000000ec300000)
 ParOldGen       total 68608K, used 26087K [0x00000000c0000000, 0x00000000c4300000, 0x00000000eab00000)
  object space 68608K, 38% used [0x00000000c0000000,0x00000000c1979e58,0x00000000c4300000)
 Metaspace       used 55987K, committed 57088K, reserved 1114112K
  class space    used 6077K, committed 6528K, reserved 1048576K
}
Event: 26.276 GC heap after
{Heap after GC invocations=23 (full 2):
 PSYoungGen      total 24064K, used 2041K [0x00000000eab00000, 0x00000000ec980000, 0x0000000100000000)
  eden space 22016K, 0% used [0x00000000eab00000,0x00000000eab00000,0x00000000ec080000)
  from space 2048K, 99% used [0x00000000ec100000,0x00000000ec2fe470,0x00000000ec300000)
  to   space 4608K, 0% used [0x00000000ec500000,0x00000000ec500000,0x00000000ec980000)
 ParOldGen       total 68608K, used 27888K [0x00000000c0000000, 0x00000000c4300000, 0x00000000eab00000)
  object space 68608K, 40% used [0x00000000c0000000,0x00000000c1b3c248,0x00000000c4300000)
 Metaspace       used 55987K, committed 57088K, reserved 1114112K
  class space    used 6077K, committed 6528K, reserved 1048576K
}
Event: 28.073 GC heap before
{Heap before GC invocations=24 (full 2):
 PSYoungGen      total 24064K, used 24057K [0x00000000eab00000, 0x00000000ec980000, 0x0000000100000000)
  eden space 22016K, 100% used [0x00000000eab00000,0x00000000ec080000,0x00000000ec080000)
  from space 2048K, 99% used [0x00000000ec100000,0x00000000ec2fe470,0x00000000ec300000)
  to   space 4608K, 0% used [0x00000000ec500000,0x00000000ec500000,0x00000000ec980000)
 ParOldGen       total 68608K, used 27888K [0x00000000c0000000, 0x00000000c4300000, 0x00000000eab00000)
  object space 68608K, 40% used [0x00000000c0000000,0x00000000c1b3c248,0x00000000c4300000)
 Metaspace       used 57383K, committed 58496K, reserved 1114112K
  class space    used 6314K, committed 6784K, reserved 1048576K
}
Event: 28.083 GC heap after
{Heap after GC invocations=24 (full 2):
 PSYoungGen      total 20992K, used 4592K [0x00000000eab00000, 0x00000000ed480000, 0x0000000100000000)
  eden space 16384K, 0% used [0x00000000eab00000,0x00000000eab00000,0x00000000ebb00000)
  from space 4608K, 99% used [0x00000000ec500000,0x00000000ec97c078,0x00000000ec980000)
  to   space 10240K, 0% used [0x00000000ebb00000,0x00000000ebb00000,0x00000000ec500000)
 ParOldGen       total 68608K, used 32099K [0x00000000c0000000, 0x00000000c4300000, 0x00000000eab00000)
  object space 68608K, 46% used [0x00000000c0000000,0x00000000c1f58fa8,0x00000000c4300000)
 Metaspace       used 57383K, committed 58496K, reserved 1114112K
  class space    used 6314K, committed 6784K, reserved 1048576K
}

